factorised K= 0 seed=0 tight=0.00 mean_err=0.257 cosâ‰Ą1.0000
factorised K= 0 seed=1 tight=0.33 mean_err=0.151 cosâ‰Ą1.0000
factorised K= 0 seed=2 tight=0.00 mean_err=0.328 cosâ‰Ą1.0000
factorised K= 0 seed=3 tight=0.33 mean_err=0.258 cosâ‰Ą1.0000
factorised K= 0 seed=4 tight=0.17 mean_err=0.218 cosâ‰Ą1.0000
factorised K= 3 seed=0 tight=0.33 mean_err=0.103 cosâ‰Ą1.0000
factorised K= 3 seed=1 tight=0.33 mean_err=0.178 cosâ‰Ą1.0000
factorised K= 3 seed=2 tight=0.17 mean_err=0.216 cosâ‰Ą1.0000
factorised K= 3 seed=3 tight=0.00 mean_err=0.317 cosâ‰Ą1.0000
factorised K= 3 seed=4 tight=0.33 mean_err=0.142 cosâ‰Ą1.0000
factorised K=10 seed=0 tight=0.00 mean_err=0.205 cosâ‰Ą1.0000
factorised K=10 seed=1 tight=0.00 mean_err=0.168 cosâ‰Ą1.0000
factorised K=10 seed=2 tight=0.00 mean_err=0.373 cosâ‰Ą1.0000
factorised K=10 seed=3 tight=0.00 mean_err=0.256 cosâ‰Ą1.0000
factorised K=10 seed=4 tight=0.00 mean_err=0.331 cosâ‰Ą1.0000
factorised K=19 seed=0 tight=0.33 mean_err=0.310 cosâ‰Ą1.0000
factorised K=19 seed=1 tight=0.00 mean_err=0.565 cosâ‰Ą1.0000
factorised K=19 seed=2 tight=0.00 mean_err=0.376 cosâ‰Ą1.0000
factorised K=19 seed=3 tight=0.00 mean_err=0.500 cosâ‰Ą1.0000
factorised K=19 seed=4 tight=0.00 mean_err=0.474 cosâ‰Ą1.0000
        ar K= 0 seed=0 tight=0.33 mean_err=0.063 cosâ‰Ą1.0000
        ar K= 0 seed=1 tight=0.17 mean_err=0.134 cosâ‰Ą1.0000
        ar K= 0 seed=2 tight=0.50 mean_err=0.097 cosâ‰Ą1.0000
        ar K= 0 seed=3 tight=0.00 mean_err=0.228 cosâ‰Ą1.0000
        ar K= 0 seed=4 tight=0.00 mean_err=0.409 cosâ‰Ą1.0000
        ar K= 3 seed=0 tight=0.00 mean_err=0.377 cosâ‰Ą1.0000
        ar K= 3 seed=1 tight=0.00 mean_err=0.218 cosâ‰Ą1.0000
        ar K= 3 seed=2 tight=0.17 mean_err=0.187 cosâ‰Ą1.0000
        ar K= 3 seed=3 tight=0.17 mean_err=0.130 cosâ‰Ą1.0000
        ar K= 3 seed=4 tight=0.33 mean_err=0.194 cosâ‰Ą1.0000
        ar K=10 seed=0 tight=0.00 mean_err=0.764 cosâ‰Ą1.0000
        ar K=10 seed=1 tight=0.00 mean_err=0.182 cosâ‰Ą1.0000
        ar K=10 seed=2 tight=0.00 mean_err=0.197 cosâ‰Ą1.0000
        ar K=10 seed=3 tight=0.00 mean_err=0.381 cosâ‰Ą1.0000
        ar K=10 seed=4 tight=0.00 mean_err=0.183 cosâ‰Ą1.0000
        ar K=19 seed=0 tight=0.17 mean_err=0.142 cosâ‰Ą1.0000
        ar K=19 seed=1 tight=0.17 mean_err=0.109 cosâ‰Ą1.0000
        ar K=19 seed=2 tight=0.33 mean_err=0.099 cosâ‰Ą1.0000
        ar K=19 seed=3 tight=0.00 mean_err=0.224 cosâ‰Ą1.0000
        ar K=19 seed=4 tight=0.00 mean_err=0.502 cosâ‰Ą1.0000

E3-AR done in 393.3s
    factorised  tight%=11.7  mean_err=0.286
            ar  tight%=11.7  mean_err=0.241
