K= 0 seed=0 tight5%= 33.3 tight10%= 33.3 H_err=0.186 H_final=0.222 H*=0.480 cosÔëą1.0000
K= 0 seed=1 tight5%=  0.0 tight10%= 33.3 H_err=0.272 H_final=0.164 H*=0.693 cosÔëą1.0000
K= 0 seed=2 tight5%= 16.7 tight10%= 66.7 H_err=0.160 H_final=0.093 H*=0.309 cosÔëą1.0000
K= 0 seed=3 tight5%= 16.7 tight10%= 16.7 H_err=0.415 H_final=0.116 H*=0.924 cosÔëą1.0000
K= 0 seed=4 tight5%=  0.0 tight10%=  0.0 H_err=0.475 H_final=0.080 H*=0.924 cosÔëą1.0000
K= 3 seed=0 tight5%= 33.3 tight10%= 33.3 H_err=0.121 H_final=0.229 H*=0.466 cosÔëą1.0000
K= 3 seed=1 tight5%= 33.3 tight10%= 33.3 H_err=0.196 H_final=0.119 H*=0.289 cosÔëą1.0000
K= 3 seed=2 tight5%=  0.0 tight10%= 16.7 H_err=0.185 H_final=0.254 H*=0.389 cosÔëą1.0000
K= 3 seed=3 tight5%= 16.7 tight10%= 50.0 H_err=0.271 H_final=0.094 H*=0.204 cosÔëą1.0000
K= 3 seed=4 tight5%=  0.0 tight10%=  0.0 H_err=0.393 H_final=0.136 H*=1.088 cosÔëą1.0000
K= 5 seed=0 tight5%=  0.0 tight10%= 16.7 H_err=0.300 H_final=0.086 H*=0.672 cosÔëą1.0000
K= 5 seed=1 tight5%= 16.7 tight10%= 16.7 H_err=0.364 H_final=0.072 H*=1.031 cosÔëą1.0000
K= 5 seed=2 tight5%= 16.7 tight10%= 33.3 H_err=0.186 H_final=0.128 H*=0.160 cosÔëą1.0000
K= 5 seed=3 tight5%=  0.0 tight10%=  0.0 H_err=0.489 H_final=0.047 H*=0.996 cosÔëą1.0000
K= 5 seed=4 tight5%= 16.7 tight10%= 16.7 H_err=0.308 H_final=0.143 H*=0.815 cosÔëą1.0000
K=10 seed=0 tight5%=  0.0 tight10%=  0.0 H_err=0.454 H_final=0.053 H*=0.777 cosÔëą1.0000
K=10 seed=1 tight5%=  0.0 tight10%= 33.3 H_err=0.259 H_final=0.075 H*=0.713 cosÔëą1.0000
K=10 seed=2 tight5%=  0.0 tight10%=  0.0 H_err=0.351 H_final=0.091 H*=1.036 cosÔëą1.0000
K=10 seed=3 tight5%=  0.0 tight10%=  0.0 H_err=0.418 H_final=0.052 H*=1.162 cosÔëą1.0000
K=10 seed=4 tight5%=  0.0 tight10%=  0.0 H_err=0.628 H_final=0.035 H*=1.233 cosÔëą1.0000
K=15 seed=0 tight5%=  0.0 tight10%= 16.7 H_err=0.446 H_final=0.153 H*=0.993 cosÔëą1.0000
K=15 seed=1 tight5%=  0.0 tight10%=  0.0 H_err=0.495 H_final=0.065 H*=0.924 cosÔëą1.0000
K=15 seed=2 tight5%=  0.0 tight10%=  0.0 H_err=0.436 H_final=0.055 H*=0.577 cosÔëą1.0000
K=15 seed=3 tight5%=  0.0 tight10%=  0.0 H_err=0.463 H_final=0.034 H*=0.924 cosÔëą1.0000
K=15 seed=4 tight5%=  0.0 tight10%=  0.0 H_err=0.372 H_final=0.251 H*=0.962 cosÔëą1.0000
K=19 seed=0 tight5%=  0.0 tight10%=  0.0 H_err=0.303 H_final=0.256 H*=0.449 cosÔëą1.0000
K=19 seed=1 tight5%=  0.0 tight10%=  0.0 H_err=0.457 H_final=0.109 H*=1.173 cosÔëą1.0000
K=19 seed=2 tight5%= 16.7 tight10%= 16.7 H_err=0.315 H_final=0.131 H*=0.924 cosÔëą1.0000
K=19 seed=3 tight5%=  0.0 tight10%=  0.0 H_err=0.492 H_final=0.043 H*=0.836 cosÔëą1.0000
K=19 seed=4 tight5%=  0.0 tight10%=  0.0 H_err=0.419 H_final=0.210 H*=1.312 cosÔëą1.0000

E13 done in 7.4s

=== T2-redefined (entropy target) summary ===
  tight5%-entropy:  7.2%
  tight10%-entropy: 14.4%
  mean H-err:       0.354
  T1 cos min:       1.0000
