factorised inject=0 gain=0.0 K= 0 seed=0 tight5=0.00 tight10=0.17 err=0.257 cosâ‰Ą1.0000
factorised inject=0 gain=0.0 K= 0 seed=1 tight5=0.33 tight10=0.33 err=0.151 cosâ‰Ą1.0000
factorised inject=0 gain=0.0 K= 0 seed=2 tight5=0.00 tight10=0.00 err=0.328 cosâ‰Ą1.0000
factorised inject=0 gain=0.0 K= 0 seed=3 tight5=0.33 tight10=0.33 err=0.258 cosâ‰Ą1.0000
factorised inject=0 gain=0.0 K= 0 seed=4 tight5=0.17 tight10=0.17 err=0.218 cosâ‰Ą1.0000
factorised inject=0 gain=0.0 K= 3 seed=0 tight5=0.33 tight10=0.50 err=0.103 cosâ‰Ą1.0000
factorised inject=0 gain=0.0 K= 3 seed=1 tight5=0.33 tight10=0.33 err=0.178 cosâ‰Ą1.0000
factorised inject=0 gain=0.0 K= 3 seed=2 tight5=0.17 tight10=0.33 err=0.216 cosâ‰Ą1.0000
factorised inject=0 gain=0.0 K= 3 seed=3 tight5=0.00 tight10=0.00 err=0.317 cosâ‰Ą1.0000
factorised inject=0 gain=0.0 K= 3 seed=4 tight5=0.33 tight10=0.33 err=0.142 cosâ‰Ą1.0000
factorised inject=0 gain=0.0 K= 5 seed=0 tight5=0.33 tight10=0.67 err=0.149 cosâ‰Ą1.0000
factorised inject=0 gain=0.0 K= 5 seed=1 tight5=0.17 tight10=0.33 err=0.142 cosâ‰Ą1.0000
factorised inject=0 gain=0.0 K= 5 seed=2 tight5=0.17 tight10=0.33 err=0.171 cosâ‰Ą1.0000
factorised inject=0 gain=0.0 K= 5 seed=3 tight5=0.33 tight10=0.33 err=0.259 cosâ‰Ą1.0000
factorised inject=0 gain=0.0 K= 5 seed=4 tight5=0.00 tight10=0.17 err=0.192 cosâ‰Ą1.0000
factorised inject=0 gain=0.0 K=10 seed=0 tight5=0.00 tight10=0.33 err=0.205 cosâ‰Ą1.0000
factorised inject=0 gain=0.0 K=10 seed=1 tight5=0.00 tight10=0.17 err=0.168 cosâ‰Ą1.0000
factorised inject=0 gain=0.0 K=10 seed=2 tight5=0.00 tight10=0.00 err=0.373 cosâ‰Ą1.0000
factorised inject=0 gain=0.0 K=10 seed=3 tight5=0.00 tight10=0.00 err=0.256 cosâ‰Ą1.0000
factorised inject=0 gain=0.0 K=10 seed=4 tight5=0.00 tight10=0.17 err=0.331 cosâ‰Ą1.0000
factorised inject=0 gain=0.0 K=15 seed=0 tight5=0.00 tight10=0.00 err=0.417 cosâ‰Ą1.0000
factorised inject=0 gain=0.0 K=15 seed=1 tight5=0.00 tight10=0.00 err=0.369 cosâ‰Ą1.0000
factorised inject=0 gain=0.0 K=15 seed=2 tight5=0.17 tight10=0.17 err=0.373 cosâ‰Ą1.0000
factorised inject=0 gain=0.0 K=15 seed=3 tight5=0.00 tight10=0.00 err=0.376 cosâ‰Ą1.0000
factorised inject=0 gain=0.0 K=15 seed=4 tight5=0.00 tight10=0.00 err=0.521 cosâ‰Ą1.0000
factorised inject=0 gain=0.0 K=19 seed=0 tight5=0.33 tight10=0.33 err=0.310 cosâ‰Ą1.0000
factorised inject=0 gain=0.0 K=19 seed=1 tight5=0.00 tight10=0.00 err=0.565 cosâ‰Ą1.0000
factorised inject=0 gain=0.0 K=19 seed=2 tight5=0.00 tight10=0.00 err=0.376 cosâ‰Ą1.0000
factorised inject=0 gain=0.0 K=19 seed=3 tight5=0.00 tight10=0.00 err=0.500 cosâ‰Ą1.0000
factorised inject=0 gain=0.0 K=19 seed=4 tight5=0.00 tight10=0.00 err=0.474 cosâ‰Ą1.0000
factorised inject=1 gain=0.4 K= 0 seed=0 tight5=0.00 tight10=0.33 err=0.173 cosâ‰Ą1.0000
factorised inject=1 gain=0.4 K= 0 seed=1 tight5=0.00 tight10=0.33 err=0.185 cosâ‰Ą1.0000
factorised inject=1 gain=0.4 K= 0 seed=2 tight5=0.00 tight10=0.00 err=0.337 cosâ‰Ą1.0000
factorised inject=1 gain=0.4 K= 0 seed=3 tight5=0.00 tight10=0.00 err=0.346 cosâ‰Ą1.0000
factorised inject=1 gain=0.4 K= 0 seed=4 tight5=0.17 tight10=0.17 err=0.176 cosâ‰Ą1.0000
factorised inject=1 gain=0.4 K= 3 seed=0 tight5=0.33 tight10=0.50 err=0.166 cosâ‰Ą1.0000
factorised inject=1 gain=0.4 K= 3 seed=1 tight5=0.33 tight10=0.50 err=0.119 cosâ‰Ą1.0000
factorised inject=1 gain=0.4 K= 3 seed=2 tight5=0.33 tight10=0.33 err=0.212 cosâ‰Ą1.0000
factorised inject=1 gain=0.4 K= 3 seed=3 tight5=0.33 tight10=0.50 err=0.156 cosâ‰Ą1.0000
factorised inject=1 gain=0.4 K= 3 seed=4 tight5=0.67 tight10=1.00 err=0.040 cosâ‰Ą1.0000
factorised inject=1 gain=0.4 K= 5 seed=0 tight5=0.00 tight10=0.00 err=0.355 cosâ‰Ą1.0000
factorised inject=1 gain=0.4 K= 5 seed=1 tight5=0.00 tight10=0.00 err=0.414 cosâ‰Ą1.0000
factorised inject=1 gain=0.4 K= 5 seed=2 tight5=0.00 tight10=0.17 err=0.365 cosâ‰Ą1.0000
factorised inject=1 gain=0.4 K= 5 seed=3 tight5=0.00 tight10=0.17 err=0.147 cosâ‰Ą1.0000
factorised inject=1 gain=0.4 K= 5 seed=4 tight5=0.17 tight10=0.17 err=0.442 cosâ‰Ą1.0000
factorised inject=1 gain=0.4 K=10 seed=0 tight5=0.00 tight10=0.00 err=0.310 cosâ‰Ą1.0000
factorised inject=1 gain=0.4 K=10 seed=1 tight5=0.17 tight10=0.17 err=0.277 cosâ‰Ą1.0000
factorised inject=1 gain=0.4 K=10 seed=2 tight5=0.00 tight10=0.00 err=0.493 cosâ‰Ą1.0000
factorised inject=1 gain=0.4 K=10 seed=3 tight5=0.00 tight10=0.00 err=0.457 cosâ‰Ą1.0000
factorised inject=1 gain=0.4 K=10 seed=4 tight5=0.00 tight10=0.00 err=0.373 cosâ‰Ą1.0000
factorised inject=1 gain=0.4 K=15 seed=0 tight5=0.17 tight10=0.33 err=0.280 cosâ‰Ą1.0000
factorised inject=1 gain=0.4 K=15 seed=1 tight5=0.00 tight10=0.00 err=0.322 cosâ‰Ą1.0000
factorised inject=1 gain=0.4 K=15 seed=2 tight5=0.00 tight10=0.17 err=0.235 cosâ‰Ą1.0000
factorised inject=1 gain=0.4 K=15 seed=3 tight5=0.00 tight10=0.00 err=0.360 cosâ‰Ą1.0000
factorised inject=1 gain=0.4 K=15 seed=4 tight5=0.00 tight10=0.17 err=0.293 cosâ‰Ą1.0000
factorised inject=1 gain=0.4 K=19 seed=0 tight5=0.00 tight10=0.17 err=0.455 cosâ‰Ą1.0000
factorised inject=1 gain=0.4 K=19 seed=1 tight5=0.17 tight10=0.17 err=0.417 cosâ‰Ą1.0000
factorised inject=1 gain=0.4 K=19 seed=2 tight5=0.00 tight10=0.00 err=0.420 cosâ‰Ą1.0000
factorised inject=1 gain=0.4 K=19 seed=3 tight5=0.00 tight10=0.00 err=0.536 cosâ‰Ą1.0000
factorised inject=1 gain=0.4 K=19 seed=4 tight5=0.00 tight10=0.17 err=0.358 cosâ‰Ą1.0000
        ar inject=0 gain=0.0 K= 0 seed=0 tight5=0.33 tight10=0.83 err=0.063 cosâ‰Ą1.0000
        ar inject=0 gain=0.0 K= 0 seed=1 tight5=0.17 tight10=0.33 err=0.134 cosâ‰Ą1.0000
        ar inject=0 gain=0.0 K= 0 seed=2 tight5=0.50 tight10=0.83 err=0.097 cosâ‰Ą1.0000
        ar inject=0 gain=0.0 K= 0 seed=3 tight5=0.00 tight10=0.17 err=0.228 cosâ‰Ą1.0000
        ar inject=0 gain=0.0 K= 0 seed=4 tight5=0.00 tight10=0.00 err=0.409 cosâ‰Ą1.0000
        ar inject=0 gain=0.0 K= 3 seed=0 tight5=0.00 tight10=0.00 err=0.377 cosâ‰Ą1.0000
        ar inject=0 gain=0.0 K= 3 seed=1 tight5=0.00 tight10=0.00 err=0.218 cosâ‰Ą1.0000
        ar inject=0 gain=0.0 K= 3 seed=2 tight5=0.17 tight10=0.17 err=0.187 cosâ‰Ą1.0000
        ar inject=0 gain=0.0 K= 3 seed=3 tight5=0.17 tight10=0.50 err=0.130 cosâ‰Ą1.0000
        ar inject=0 gain=0.0 K= 3 seed=4 tight5=0.33 tight10=0.33 err=0.194 cosâ‰Ą1.0000
        ar inject=0 gain=0.0 K= 5 seed=0 tight5=0.17 tight10=0.33 err=0.143 cosâ‰Ą1.0000
        ar inject=0 gain=0.0 K= 5 seed=1 tight5=0.17 tight10=0.33 err=0.184 cosâ‰Ą1.0000
        ar inject=0 gain=0.0 K= 5 seed=2 tight5=0.00 tight10=0.17 err=0.233 cosâ‰Ą1.0000
        ar inject=0 gain=0.0 K= 5 seed=3 tight5=0.17 tight10=0.17 err=0.176 cosâ‰Ą1.0000
        ar inject=0 gain=0.0 K= 5 seed=4 tight5=0.00 tight10=0.00 err=0.375 cosâ‰Ą1.0000
        ar inject=0 gain=0.0 K=10 seed=0 tight5=0.00 tight10=0.00 err=0.764 cosâ‰Ą1.0000
        ar inject=0 gain=0.0 K=10 seed=1 tight5=0.00 tight10=0.17 err=0.182 cosâ‰Ą1.0000
        ar inject=0 gain=0.0 K=10 seed=2 tight5=0.00 tight10=0.00 err=0.197 cosâ‰Ą1.0000
        ar inject=0 gain=0.0 K=10 seed=3 tight5=0.00 tight10=0.00 err=0.381 cosâ‰Ą1.0000
        ar inject=0 gain=0.0 K=10 seed=4 tight5=0.00 tight10=0.17 err=0.183 cosâ‰Ą1.0000
        ar inject=0 gain=0.0 K=15 seed=0 tight5=0.00 tight10=0.00 err=0.452 cosâ‰Ą1.0000
        ar inject=0 gain=0.0 K=15 seed=1 tight5=0.00 tight10=0.00 err=0.678 cosâ‰Ą1.0000
        ar inject=0 gain=0.0 K=15 seed=2 tight5=0.00 tight10=0.17 err=0.260 cosâ‰Ą1.0000
        ar inject=0 gain=0.0 K=15 seed=3 tight5=0.00 tight10=0.00 err=0.239 cosâ‰Ą1.0000
        ar inject=0 gain=0.0 K=15 seed=4 tight5=0.00 tight10=0.00 err=0.623 cosâ‰Ą1.0000
        ar inject=0 gain=0.0 K=19 seed=0 tight5=0.17 tight10=0.17 err=0.142 cosâ‰Ą1.0000
        ar inject=0 gain=0.0 K=19 seed=1 tight5=0.17 tight10=0.50 err=0.109 cosâ‰Ą1.0000
        ar inject=0 gain=0.0 K=19 seed=2 tight5=0.33 tight10=0.50 err=0.099 cosâ‰Ą1.0000
        ar inject=0 gain=0.0 K=19 seed=3 tight5=0.00 tight10=0.33 err=0.224 cosâ‰Ą1.0000
        ar inject=0 gain=0.0 K=19 seed=4 tight5=0.00 tight10=0.00 err=0.502 cosâ‰Ą1.0000
        ar inject=1 gain=0.4 K= 0 seed=0 tight5=0.33 tight10=0.83 err=0.063 cosâ‰Ą1.0000
        ar inject=1 gain=0.4 K= 0 seed=1 tight5=0.17 tight10=0.33 err=0.134 cosâ‰Ą1.0000
        ar inject=1 gain=0.4 K= 0 seed=2 tight5=0.50 tight10=0.83 err=0.097 cosâ‰Ą1.0000
        ar inject=1 gain=0.4 K= 0 seed=3 tight5=0.00 tight10=0.17 err=0.228 cosâ‰Ą1.0000
        ar inject=1 gain=0.4 K= 0 seed=4 tight5=0.00 tight10=0.00 err=0.409 cosâ‰Ą1.0000
        ar inject=1 gain=0.4 K= 3 seed=0 tight5=0.00 tight10=0.00 err=0.377 cosâ‰Ą1.0000
        ar inject=1 gain=0.4 K= 3 seed=1 tight5=0.00 tight10=0.00 err=0.218 cosâ‰Ą1.0000
        ar inject=1 gain=0.4 K= 3 seed=2 tight5=0.17 tight10=0.17 err=0.187 cosâ‰Ą1.0000
        ar inject=1 gain=0.4 K= 3 seed=3 tight5=0.17 tight10=0.50 err=0.130 cosâ‰Ą1.0000
        ar inject=1 gain=0.4 K= 3 seed=4 tight5=0.33 tight10=0.33 err=0.194 cosâ‰Ą1.0000
        ar inject=1 gain=0.4 K= 5 seed=0 tight5=0.17 tight10=0.33 err=0.143 cosâ‰Ą1.0000
        ar inject=1 gain=0.4 K= 5 seed=1 tight5=0.17 tight10=0.33 err=0.184 cosâ‰Ą1.0000
        ar inject=1 gain=0.4 K= 5 seed=2 tight5=0.00 tight10=0.17 err=0.233 cosâ‰Ą1.0000
        ar inject=1 gain=0.4 K= 5 seed=3 tight5=0.17 tight10=0.17 err=0.176 cosâ‰Ą1.0000
        ar inject=1 gain=0.4 K= 5 seed=4 tight5=0.00 tight10=0.00 err=0.375 cosâ‰Ą1.0000
        ar inject=1 gain=0.4 K=10 seed=0 tight5=0.00 tight10=0.00 err=0.764 cosâ‰Ą1.0000
        ar inject=1 gain=0.4 K=10 seed=1 tight5=0.00 tight10=0.17 err=0.182 cosâ‰Ą1.0000
        ar inject=1 gain=0.4 K=10 seed=2 tight5=0.00 tight10=0.00 err=0.197 cosâ‰Ą1.0000
        ar inject=1 gain=0.4 K=10 seed=3 tight5=0.00 tight10=0.00 err=0.381 cosâ‰Ą1.0000
        ar inject=1 gain=0.4 K=10 seed=4 tight5=0.00 tight10=0.17 err=0.183 cosâ‰Ą1.0000
        ar inject=1 gain=0.4 K=15 seed=0 tight5=0.00 tight10=0.00 err=0.452 cosâ‰Ą1.0000
        ar inject=1 gain=0.4 K=15 seed=1 tight5=0.00 tight10=0.00 err=0.678 cosâ‰Ą1.0000
        ar inject=1 gain=0.4 K=15 seed=2 tight5=0.00 tight10=0.17 err=0.260 cosâ‰Ą1.0000
        ar inject=1 gain=0.4 K=15 seed=3 tight5=0.00 tight10=0.00 err=0.239 cosâ‰Ą1.0000
        ar inject=1 gain=0.4 K=15 seed=4 tight5=0.00 tight10=0.00 err=0.623 cosâ‰Ą1.0000
        ar inject=1 gain=0.4 K=19 seed=0 tight5=0.17 tight10=0.17 err=0.142 cosâ‰Ą1.0000
        ar inject=1 gain=0.4 K=19 seed=1 tight5=0.17 tight10=0.50 err=0.109 cosâ‰Ą1.0000
        ar inject=1 gain=0.4 K=19 seed=2 tight5=0.33 tight10=0.50 err=0.099 cosâ‰Ą1.0000
        ar inject=1 gain=0.4 K=19 seed=3 tight5=0.00 tight10=0.33 err=0.224 cosâ‰Ą1.0000
        ar inject=1 gain=0.4 K=19 seed=4 tight5=0.00 tight10=0.00 err=0.502 cosâ‰Ą1.0000

E7 done in 589.2s

=== E7 aggregate ===
          ar inject=False gain=0.0  tight5%=  9.4  tight10%= 20.6  err=0.273  best=0.667  cosâ‰Ą1.0000
          ar inject=True gain=0.4  tight5%=  9.4  tight10%= 20.6  err=0.273  best=0.667  cosâ‰Ą1.0000
  factorised inject=False gain=0.0  tight5%= 11.7  tight10%= 18.3  err=0.290  best=0.744  cosâ‰Ą1.0000
  factorised inject=True gain=0.4  tight5%=  9.4  tight10%= 18.3  err=0.307  best=0.733  cosâ‰Ą1.0000
