This is pdfTeX, Version 3.14159265-2.6-1.40.20 (TeX Live 2019/Debian) (preloaded format=pdflatex 2024.3.16)  2 MAY 2026 18:52
entering extended mode
 restricted \write18 enabled.
 %&-line parsing enabled.
**main.tex
(./main.tex
LaTeX2e <2020-02-02> patch level 2
L3 programming layer <2020-02-14>
(/usr/share/texlive/texmf-dist/tex/latex/base/article.cls
Document Class: article 2019/12/20 v1.4l Standard LaTeX document class
(/usr/share/texlive/texmf-dist/tex/latex/base/size11.clo
File: size11.clo 2019/12/20 v1.4l Standard LaTeX file (size option)
)
\c@part=\count167
\c@section=\count168
\c@subsection=\count169
\c@subsubsection=\count170
\c@paragraph=\count171
\c@subparagraph=\count172
\c@figure=\count173
\c@table=\count174
\abovecaptionskip=\skip47
\belowcaptionskip=\skip48
\bibindent=\dimen134
)
(/usr/share/texlive/texmf-dist/tex/latex/base/inputenc.sty
Package: inputenc 2018/08/11 v1.3c Input encoding file
\inpenc@prehook=\toks14
\inpenc@posthook=\toks15
)
(/usr/share/texlive/texmf-dist/tex/latex/base/fontenc.sty
Package: fontenc 2020/02/11 v2.0o Standard LaTeX package
)
(/usr/share/texlive/texmf-dist/tex/latex/amsmath/amsmath.sty
Package: amsmath 2020/01/20 v2.17e AMS math features
\@mathmargin=\skip49

For additional information on amsmath, use the `?' option.
(/usr/share/texlive/texmf-dist/tex/latex/amsmath/amstext.sty
Package: amstext 2000/06/29 v2.01 AMS text

(/usr/share/texlive/texmf-dist/tex/latex/amsmath/amsgen.sty
File: amsgen.sty 1999/11/30 v2.0 generic functions
\@emptytoks=\toks16
\ex@=\dimen135
))
(/usr/share/texlive/texmf-dist/tex/latex/amsmath/amsbsy.sty
Package: amsbsy 1999/11/29 v1.2d Bold Symbols
\pmbraise@=\dimen136
)
(/usr/share/texlive/texmf-dist/tex/latex/amsmath/amsopn.sty
Package: amsopn 2016/03/08 v2.02 operator names
)
\inf@bad=\count175
LaTeX Info: Redefining \frac on input line 227.
\uproot@=\count176
\leftroot@=\count177
LaTeX Info: Redefining \overline on input line 389.
\classnum@=\count178
\DOTSCASE@=\count179
LaTeX Info: Redefining \ldots on input line 486.
LaTeX Info: Redefining \dots on input line 489.
LaTeX Info: Redefining \cdots on input line 610.
\Mathstrutbox@=\box45
\strutbox@=\box46
\big@size=\dimen137
LaTeX Font Info:    Redeclaring font encoding OML on input line 733.
LaTeX Font Info:    Redeclaring font encoding OMS on input line 734.
\macc@depth=\count180
\c@MaxMatrixCols=\count181
\dotsspace@=\muskip16
\c@parentequation=\count182
\dspbrk@lvl=\count183
\tag@help=\toks17
\row@=\count184
\column@=\count185
\maxfields@=\count186
\andhelp@=\toks18
\eqnshift@=\dimen138
\alignsep@=\dimen139
\tagshift@=\dimen140
\tagwidth@=\dimen141
\totwidth@=\dimen142
\lineht@=\dimen143
\@envbody=\toks19
\multlinegap=\skip50
\multlinetaggap=\skip51
\mathdisplay@stack=\toks20
LaTeX Info: Redefining \[ on input line 2859.
LaTeX Info: Redefining \] on input line 2860.
)
(/usr/share/texlive/texmf-dist/tex/latex/amsfonts/amssymb.sty
Package: amssymb 2013/01/14 v3.01 AMS font symbols

(/usr/share/texlive/texmf-dist/tex/latex/amsfonts/amsfonts.sty
Package: amsfonts 2013/01/14 v3.01 Basic AMSFonts support
\symAMSa=\mathgroup4
\symAMSb=\mathgroup5
LaTeX Font Info:    Redeclaring math symbol \hbar on input line 98.
LaTeX Font Info:    Overwriting math alphabet `\mathfrak' in version `bold'
(Font)                  U/euf/m/n --> U/euf/b/n on input line 106.
))
(/usr/share/texlive/texmf-dist/tex/latex/amscls/amsthm.sty
Package: amsthm 2017/10/31 v2.20.4
\thm@style=\toks21
\thm@bodyfont=\toks22
\thm@headfont=\toks23
\thm@notefont=\toks24
\thm@headpunct=\toks25
\thm@preskip=\skip52
\thm@postskip=\skip53
\thm@headsep=\skip54
\dth@everypar=\toks26
)
(/usr/share/texlive/texmf-dist/tex/latex/graphics/graphicx.sty
Package: graphicx 2019/11/30 v1.2a Enhanced LaTeX Graphics (DPC,SPQR)

(/usr/share/texlive/texmf-dist/tex/latex/graphics/keyval.sty
Package: keyval 2014/10/28 v1.15 key=value parser (DPC)
\KV@toks@=\toks27
)
(/usr/share/texlive/texmf-dist/tex/latex/graphics/graphics.sty
Package: graphics 2019/11/30 v1.4a Standard LaTeX Graphics (DPC,SPQR)

(/usr/share/texlive/texmf-dist/tex/latex/graphics/trig.sty
Package: trig 2016/01/03 v1.10 sin cos tan (DPC)
)
(/usr/share/texlive/texmf-dist/tex/latex/graphics-cfg/graphics.cfg
File: graphics.cfg 2016/06/04 v1.11 sample graphics configuration
)
Package graphics Info: Driver file: pdftex.def on input line 105.

(/usr/share/texlive/texmf-dist/tex/latex/graphics-def/pdftex.def
File: pdftex.def 2018/01/08 v1.0l Graphics/color driver for pdftex
))
\Gin@req@height=\dimen144
\Gin@req@width=\dimen145
)
(/usr/share/texlive/texmf-dist/tex/latex/booktabs/booktabs.sty
Package: booktabs 2020/01/12 v1.61803398 Publication quality tables
\heavyrulewidth=\dimen146
\lightrulewidth=\dimen147
\cmidrulewidth=\dimen148
\belowrulesep=\dimen149
\belowbottomsep=\dimen150
\aboverulesep=\dimen151
\abovetopsep=\dimen152
\cmidrulesep=\dimen153
\cmidrulekern=\dimen154
\defaultaddspace=\dimen155
\@cmidla=\count187
\@cmidlb=\count188
\@aboverulesep=\dimen156
\@belowrulesep=\dimen157
\@thisruleclass=\count189
\@lastruleclass=\count190
\@thisrulewidth=\dimen158
)
(/usr/share/texlive/texmf-dist/tex/latex/hyperref/hyperref.sty
Package: hyperref 2020/01/14 v7.00d Hypertext links for LaTeX

(/usr/share/texlive/texmf-dist/tex/generic/ltxcmds/ltxcmds.sty
Package: ltxcmds 2019/12/15 v1.24 LaTeX kernel commands for general use (HO)
)
(/usr/share/texlive/texmf-dist/tex/generic/iftex/iftex.sty
Package: iftex 2019/11/07 v1.0c TeX engine tests
)
(/usr/share/texlive/texmf-dist/tex/latex/pdftexcmds/pdftexcmds.sty
Package: pdftexcmds 2019/11/24 v0.31 Utility functions of pdfTeX for LuaTeX (HO
)

(/usr/share/texlive/texmf-dist/tex/generic/infwarerr/infwarerr.sty
Package: infwarerr 2019/12/03 v1.5 Providing info/warning/error messages (HO)
)
Package pdftexcmds Info: \pdf@primitive is available.
Package pdftexcmds Info: \pdf@ifprimitive is available.
Package pdftexcmds Info: \pdfdraftmode found.
)
(/usr/share/texlive/texmf-dist/tex/generic/kvsetkeys/kvsetkeys.sty
Package: kvsetkeys 2019/12/15 v1.18 Key value parser (HO)
)
(/usr/share/texlive/texmf-dist/tex/generic/kvdefinekeys/kvdefinekeys.sty
Package: kvdefinekeys 2019-12-19 v1.6 Define keys (HO)
)
(/usr/share/texlive/texmf-dist/tex/generic/pdfescape/pdfescape.sty
Package: pdfescape 2019/12/09 v1.15 Implements pdfTeX's escape features (HO)
)
(/usr/share/texlive/texmf-dist/tex/latex/hycolor/hycolor.sty
Package: hycolor 2020-01-27 v1.10 Color options for hyperref/bookmark (HO)
)
(/usr/share/texlive/texmf-dist/tex/latex/letltxmacro/letltxmacro.sty
Package: letltxmacro 2019/12/03 v1.6 Let assignment for LaTeX macros (HO)
)
(/usr/share/texlive/texmf-dist/tex/latex/auxhook/auxhook.sty
Package: auxhook 2019-12-17 v1.6 Hooks for auxiliary files (HO)
)
(/usr/share/texlive/texmf-dist/tex/latex/kvoptions/kvoptions.sty
Package: kvoptions 2019/11/29 v3.13 Key value format for package options (HO)
)
\@linkdim=\dimen159
\Hy@linkcounter=\count191
\Hy@pagecounter=\count192

(/usr/share/texlive/texmf-dist/tex/latex/hyperref/pd1enc.def
File: pd1enc.def 2020/01/14 v7.00d Hyperref: PDFDocEncoding definition (HO)
Now handling font encoding PD1 ...
... no UTF-8 mapping file for font encoding PD1
)
(/usr/share/texlive/texmf-dist/tex/generic/intcalc/intcalc.sty
Package: intcalc 2019/12/15 v1.3 Expandable calculations with integers (HO)
)
(/usr/share/texlive/texmf-dist/tex/generic/etexcmds/etexcmds.sty
Package: etexcmds 2019/12/15 v1.7 Avoid name clashes with e-TeX commands (HO)
)
\Hy@SavedSpaceFactor=\count193
\pdfmajorversion=\count194
Package hyperref Info: Hyper figures OFF on input line 4547.
Package hyperref Info: Link nesting OFF on input line 4552.
Package hyperref Info: Hyper index ON on input line 4555.
Package hyperref Info: Plain pages OFF on input line 4562.
Package hyperref Info: Backreferencing OFF on input line 4567.
Package hyperref Info: Implicit mode ON; LaTeX internals redefined.
Package hyperref Info: Bookmarks ON on input line 4800.
\c@Hy@tempcnt=\count195

(/usr/share/texlive/texmf-dist/tex/latex/url/url.sty
\Urlmuskip=\muskip17
Package: url 2013/09/16  ver 3.4  Verb mode for urls, etc.
)
LaTeX Info: Redefining \url on input line 5159.
\XeTeXLinkMargin=\dimen160

(/usr/share/texlive/texmf-dist/tex/generic/bitset/bitset.sty
Package: bitset 2019/12/09 v1.3 Handle bit-vector datatype (HO)

(/usr/share/texlive/texmf-dist/tex/generic/bigintcalc/bigintcalc.sty
Package: bigintcalc 2019/12/15 v1.5 Expandable calculations on big integers (HO
)
))
\Fld@menulength=\count196
\Field@Width=\dimen161
\Fld@charsize=\dimen162
Package hyperref Info: Hyper figures OFF on input line 6430.
Package hyperref Info: Link nesting OFF on input line 6435.
Package hyperref Info: Hyper index ON on input line 6438.
Package hyperref Info: backreferencing OFF on input line 6445.
Package hyperref Info: Link coloring OFF on input line 6450.
Package hyperref Info: Link coloring with OCG OFF on input line 6455.
Package hyperref Info: PDF/A mode OFF on input line 6460.
LaTeX Info: Redefining \ref on input line 6500.
LaTeX Info: Redefining \pageref on input line 6504.

(/usr/share/texlive/texmf-dist/tex/generic/atbegshi/atbegshi.sty
Package: atbegshi 2019/12/05 v1.19 At begin shipout hook (HO)
)
\Hy@abspage=\count197
\c@Item=\count198
\c@Hfootnote=\count199
)
Package hyperref Info: Driver (autodetected): hpdftex.

(/usr/share/texlive/texmf-dist/tex/latex/hyperref/hpdftex.def
File: hpdftex.def 2020/01/14 v7.00d Hyperref driver for pdfTeX

(/usr/share/texlive/texmf-dist/tex/latex/atveryend/atveryend.sty
Package: atveryend 2019-12-11 v1.11 Hooks at the very end of document (HO)
Package atveryend Info: \enddocument detected (standard20110627).
)
\Fld@listcount=\count266
\c@bookmark@seq@number=\count267

(/usr/share/texlive/texmf-dist/tex/latex/rerunfilecheck/rerunfilecheck.sty
Package: rerunfilecheck 2019/12/05 v1.9 Rerun checks for auxiliary files (HO)

(/usr/share/texlive/texmf-dist/tex/generic/uniquecounter/uniquecounter.sty
Package: uniquecounter 2019/12/15 v1.4 Provide unlimited unique counter (HO)
)
Package uniquecounter Info: New unique counter `rerunfilecheck' on input line 2
86.
)
\Hy@SectionHShift=\skip55
)
(/usr/share/texlive/texmf-dist/tex/latex/natbib/natbib.sty
Package: natbib 2010/09/13 8.31b (PWD, AO)
\bibhang=\skip56
\bibsep=\skip57
LaTeX Info: Redefining \cite on input line 694.
\c@NAT@ctr=\count268
)
(/usr/share/texlive/texmf-dist/tex/latex/geometry/geometry.sty
Package: geometry 2020/01/02 v5.9 Page Geometry

(/usr/share/texlive/texmf-dist/tex/generic/iftex/ifvtex.sty
Package: ifvtex 2019/10/25 v1.7 ifvtex legacy package. Use iftex instead.
)
\Gm@cnth=\count269
\Gm@cntv=\count270
\c@Gm@tempcnt=\count271
\Gm@bindingoffset=\dimen163
\Gm@wd@mp=\dimen164
\Gm@odd@mp=\dimen165
\Gm@even@mp=\dimen166
\Gm@layoutwidth=\dimen167
\Gm@layoutheight=\dimen168
\Gm@layouthoffset=\dimen169
\Gm@layoutvoffset=\dimen170
\Gm@dimlist=\toks28
)
(/usr/share/texlive/texmf-dist/tex/latex/caption/subcaption.sty
Package: subcaption 2020/01/22 v1.3d Sub-captions (AR)

(/usr/share/texlive/texmf-dist/tex/latex/caption/caption.sty
Package: caption 2020/01/03 v3.4h Customizing captions (AR)

(/usr/share/texlive/texmf-dist/tex/latex/caption/caption3.sty
Package: caption3 2020/01/03 v1.8h caption3 kernel (AR)
Package caption3 Info: TeX engine: e-TeX on input line 61.
\captionmargin=\dimen171
\captionmargin@=\dimen172
\captionwidth=\dimen173
\caption@tempdima=\dimen174
\caption@indent=\dimen175
\caption@parindent=\dimen176
\caption@hangindent=\dimen177
Package caption Info: Standard document class detected.
)
\c@caption@flags=\count272
\c@continuedfloat=\count273
Package caption Info: hyperref package is loaded.
)
\c@subfigure=\count274
\c@subtable=\count275
)
(/usr/share/texlive/texmf-dist/tex/latex/xcolor/xcolor.sty
Package: xcolor 2016/05/11 v2.12 LaTeX color extensions (UK)

(/usr/share/texlive/texmf-dist/tex/latex/graphics-cfg/color.cfg
File: color.cfg 2016/01/02 v1.6 sample color configuration
)
Package xcolor Info: Driver file: pdftex.def on input line 225.
Package xcolor Info: Model `cmy' substituted by `cmy0' on input line 1348.
Package xcolor Info: Model `hsb' substituted by `rgb' on input line 1352.
Package xcolor Info: Model `RGB' extended on input line 1364.
Package xcolor Info: Model `HTML' substituted by `rgb' on input line 1366.
Package xcolor Info: Model `Hsb' substituted by `hsb' on input line 1367.
Package xcolor Info: Model `tHsb' substituted by `hsb' on input line 1368.
Package xcolor Info: Model `HSB' substituted by `hsb' on input line 1369.
Package xcolor Info: Model `Gray' substituted by `gray' on input line 1370.
Package xcolor Info: Model `wave' substituted by `hsb' on input line 1371.
)
Package hyperref Info: Option `colorlinks' set `true' on input line 15.
\c@theorem=\count276

(/usr/share/texlive/texmf-dist/tex/latex/l3backend/l3backend-pdfmode.def
File: l3backend-pdfmode.def 2020-02-03 L3 backend support: PDF mode
\l__kernel_color_stack_int=\count277
\l__pdf_internal_box=\box47
)
(./main.aux)
\openout1 = `main.aux'.

LaTeX Font Info:    Checking defaults for OML/cmm/m/it on input line 26.
LaTeX Font Info:    ... okay on input line 26.
LaTeX Font Info:    Checking defaults for OMS/cmsy/m/n on input line 26.
LaTeX Font Info:    ... okay on input line 26.
LaTeX Font Info:    Checking defaults for OT1/cmr/m/n on input line 26.
LaTeX Font Info:    ... okay on input line 26.
LaTeX Font Info:    Checking defaults for T1/cmr/m/n on input line 26.
LaTeX Font Info:    ... okay on input line 26.
LaTeX Font Info:    Checking defaults for TS1/cmr/m/n on input line 26.
LaTeX Font Info:    ... okay on input line 26.
LaTeX Font Info:    Checking defaults for OMX/cmex/m/n on input line 26.
LaTeX Font Info:    ... okay on input line 26.
LaTeX Font Info:    Checking defaults for U/cmr/m/n on input line 26.
LaTeX Font Info:    ... okay on input line 26.
LaTeX Font Info:    Checking defaults for PD1/pdf/m/n on input line 26.
LaTeX Font Info:    ... okay on input line 26.
 (/usr/share/texlive/texmf-dist/tex/context/base/mkii/supp-pdf.mkii
[Loading MPS to PDF converter (version 2006.09.02).]
\scratchcounter=\count278
\scratchdimen=\dimen178
\scratchbox=\box48
\nofMPsegments=\count279
\nofMParguments=\count280
\everyMPshowfont=\toks29
\MPscratchCnt=\count281
\MPscratchDim=\dimen179
\MPnumerator=\count282
\makeMPintoPDFobject=\count283
\everyMPtoPDFconversion=\toks30
) (/usr/share/texlive/texmf-dist/tex/latex/epstopdf-pkg/epstopdf-base.sty
Package: epstopdf-base 2020-01-24 v2.11 Base part for package epstopdf
Package epstopdf-base Info: Redefining graphics rule for `.eps' on input line 4
85.

(/usr/share/texlive/texmf-dist/tex/latex/latexconfig/epstopdf-sys.cfg
File: epstopdf-sys.cfg 2010/07/13 v1.3 Configuration of (r)epstopdf for TeX Liv
e
))
\AtBeginShipoutBox=\box49
Package hyperref Info: Link coloring ON on input line 26.

(/usr/share/texlive/texmf-dist/tex/latex/hyperref/nameref.sty
Package: nameref 2019/09/16 v2.46 Cross-referencing by name of section

(/usr/share/texlive/texmf-dist/tex/latex/refcount/refcount.sty
Package: refcount 2019/12/15 v3.6 Data extraction from label references (HO)
)
(/usr/share/texlive/texmf-dist/tex/generic/gettitlestring/gettitlestring.sty
Package: gettitlestring 2019/12/15 v1.6 Cleanup title references (HO)
)
\c@section@level=\count284
)
LaTeX Info: Redefining \ref on input line 26.
LaTeX Info: Redefining \pageref on input line 26.
LaTeX Info: Redefining \nameref on input line 26.

(./main.out) (./main.out)
\@outlinefile=\write3
\openout3 = `main.out'.


*geometry* driver: auto-detecting
*geometry* detected driver: pdftex
*geometry* verbose mode - [ preamble ] result:
* driver: pdftex
* paper: <default>
* layout: <same size as paper>
* layoutoffset:(h,v)=(0.0pt,0.0pt)
* modes: 
* h-part:(L,W,R)=(72.26999pt, 469.75502pt, 72.26999pt)
* v-part:(T,H,B)=(72.26999pt, 650.43001pt, 72.26999pt)
* \paperwidth=614.295pt
* \paperheight=794.96999pt
* \textwidth=469.75502pt
* \textheight=650.43001pt
* \oddsidemargin=0.0pt
* \evensidemargin=0.0pt
* \topmargin=-37.0pt
* \headheight=12.0pt
* \headsep=25.0pt
* \topskip=11.0pt
* \footskip=30.0pt
* \marginparwidth=59.0pt
* \marginparsep=10.0pt
* \columnsep=10.0pt
* \skip\footins=10.0pt plus 4.0pt minus 2.0pt
* \hoffset=0.0pt
* \voffset=0.0pt
* \mag=1000
* \@twocolumnfalse
* \@twosidefalse
* \@mparswitchfalse
* \@reversemarginfalse
* (1in=72.27pt=25.4mm, 1cm=28.453pt)

Package caption Info: Begin \AtBeginDocument code.
Package caption Info: End \AtBeginDocument code.
LaTeX Font Info:    Trying to load font information for U+msa on input line 28.

(/usr/share/texlive/texmf-dist/tex/latex/amsfonts/umsa.fd
File: umsa.fd 2013/01/14 v3.01 AMS symbols A
)
LaTeX Font Info:    Trying to load font information for U+msb on input line 28.


(/usr/share/texlive/texmf-dist/tex/latex/amsfonts/umsb.fd
File: umsb.fd 2013/01/14 v3.01 AMS symbols B
)
LaTeX Font Info:    Trying to load font information for T1+cmtt on input line 2
8.

(/usr/share/texlive/texmf-dist/tex/latex/base/t1cmtt.fd
File: t1cmtt.fd 2019/12/16 v2.5j Standard LaTeX font definitions
)
(./sections/introduction.tex [1

{/var/lib/texmf/fonts/map/pdftex/updmap/pdftex.map}]) (./sections/related_work.
tex [2]) (./sections/methods.tex [3]
Overfull \hbox (16.7675pt too wide) in paragraph at lines 24--26
\T1/cmr/m/n/10.95 For out-of-support sam-ples we ap-ply a clipped self-normalis
ed im-por-tance weight $[]\OT1/cmr/m/n/10.95 (\OML/cmm/m/it/10.95 ^^Y[]\OT1/cmr
/m/n/10.95 (\OML/cmm/m/it/10.95 x\OT1/cmr/m/n/10.95 )\OML/cmm/m/it/10.95 =^^Y[]
\OT1/cmr/m/n/10.95 (\OML/cmm/m/it/10.95 x\OT1/cmr/m/n/10.95 )\OML/cmm/m/it/10.9
5 ;  c\OT1/cmr/m/n/10.95 )$
 []

) (./sections/experiments.tex [4]) (./sections/results.tex [5]
<../figures/fig_T1_cosine_histogram.pdf, id=461, 353.8018pt x 206.2474pt>
File: ../figures/fig_T1_cosine_histogram.pdf Graphic file (type pdf)
<use ../figures/fig_T1_cosine_histogram.pdf>
Package pdftex.def Info: ../figures/fig_T1_cosine_histogram.pdf  used on input 
line 10.
(pdftex.def)             Requested size: 281.85587pt x 164.31522pt.
<../figures/fig_E3_best_vs_K.pdf, id=466, 426.10942pt x 252.12569pt>
File: ../figures/fig_E3_best_vs_K.pdf Graphic file (type pdf)
<use ../figures/fig_E3_best_vs_K.pdf>
Package pdftex.def Info: ../figures/fig_E3_best_vs_K.pdf  used on input line 22
.
(pdftex.def)             Requested size: 230.18253pt x 136.19969pt.
<../figures/fig_E3_rho_vs_K.pdf, id=467, 424.49214pt x 250.59999pt>
File: ../figures/fig_E3_rho_vs_K.pdf Graphic file (type pdf)
<use ../figures/fig_E3_rho_vs_K.pdf>
Package pdftex.def Info: ../figures/fig_E3_rho_vs_K.pdf  used on input line 27.

(pdftex.def)             Requested size: 230.18253pt x 135.88791pt.
<../figures/fig_E1_gb1_bars.pdf, id=474, 570.58984pt x 216.05383pt>
File: ../figures/fig_E1_gb1_bars.pdf Graphic file (type pdf)
<use ../figures/fig_E1_gb1_bars.pdf>
Package pdftex.def Info: ../figures/fig_E1_gb1_bars.pdf  used on input line 57.

(pdftex.def)             Requested size: 446.26582pt x 168.98613pt.
 [6 <../figures/fig_T1_cosine_histogram.pdf>]
<../figures/fig_E2_rho_vs_uncertainty.pdf, id=539, 498.31985pt x 243.94011pt>
File: ../figures/fig_E2_rho_vs_uncertainty.pdf Graphic file (type pdf)
<use ../figures/fig_E2_rho_vs_uncertainty.pdf>
Package pdftex.def Info: ../figures/fig_E2_rho_vs_uncertainty.pdf  used on inpu
t line 69.
(pdftex.def)             Requested size: 258.36668pt x 126.47736pt.
<../figures/fig_E2_reward_gap.pdf, id=540, 426.04985pt x 207.8051pt>
File: ../figures/fig_E2_reward_gap.pdf Graphic file (type pdf)
<use ../figures/fig_E2_reward_gap.pdf>
Package pdftex.def Info: ../figures/fig_E2_reward_gap.pdf  used on input line 7
4.
(pdftex.def)             Requested size: 197.29623pt x 96.22884pt.
<../figures/fig_E5_trap5.pdf, id=543, 490.98431pt x 222.37747pt>
File: ../figures/fig_E5_trap5.pdf Graphic file (type pdf)
<use ../figures/fig_E5_trap5.pdf>
Package pdftex.def Info: ../figures/fig_E5_trap5.pdf  used on input line 104.
(pdftex.def)             Requested size: 281.85587pt x 127.65906pt.
 [7 <../figures/fig_E3_best_vs_K.pdf> <../figures/fig_E3_rho_vs_K.pdf>] [8 <../
figures/fig_E1_gb1_bars.pdf> <../figures/fig_E2_rho_vs_uncertainty.pdf> <../fig
ures/fig_E2_reward_gap.pdf>]

Package hyperref Warning: Token not allowed in a PDF string (PDFDocEncoding):
(hyperref)                removing `math shift' on input line 153.


Package hyperref Warning: Token not allowed in a PDF string (PDFDocEncoding):
(hyperref)                removing `\delta' on input line 153.


Package hyperref Warning: Token not allowed in a PDF string (PDFDocEncoding):
(hyperref)                removing `math shift' on input line 153.

<../figures/fig_E2_dcs_vs_price.pdf, id=827, 522.35716pt x 222.25911pt>
File: ../figures/fig_E2_dcs_vs_price.pdf Graphic file (type pdf)
<use ../figures/fig_E2_dcs_vs_price.pdf>
Package pdftex.def Info: ../figures/fig_E2_dcs_vs_price.pdf  used on input line
 160.
(pdftex.def)             Requested size: 328.82707pt x 139.91545pt.

Overfull \hbox (32.07368pt too wide) in paragraph at lines 173--185
 [][] 
 []

) (./sections/large_scale.tex [9 <../figures/fig_E5_trap5.pdf>]

Package hyperref Warning: Token not allowed in a PDF string (PDFDocEncoding):
(hyperref)                removing `math shift' on input line 6.


Package hyperref Warning: Token not allowed in a PDF string (PDFDocEncoding):
(hyperref)                removing `math shift' on input line 6.

<../figures/fig_E3L_best_vs_K_boot.pdf, id=897, 498.37943pt x 252.12569pt>
File: ../figures/fig_E3L_best_vs_K_boot.pdf Graphic file (type pdf)
<use ../figures/fig_E3L_best_vs_K_boot.pdf>
Package pdftex.def Info: ../figures/fig_E3L_best_vs_K_boot.pdf  used on input l
ine 13.
(pdftex.def)             Requested size: 366.40834pt x 185.36208pt.
<../figures/fig_E3L_rho_traj_grid.pdf, id=898, 1087.66348pt x 369.70433pt>
File: ../figures/fig_E3L_rho_traj_grid.pdf Graphic file (type pdf)
<use ../figures/fig_E3L_rho_traj_grid.pdf>
Package pdftex.def Info: ../figures/fig_E3L_rho_traj_grid.pdf  used on input li
ne 20.
(pdftex.def)             Requested size: 469.75502pt x 159.66927pt.
<../figures/fig_E1L_trajectory.pdf, id=899, 498.43904pt x 243.94011pt>
File: ../figures/fig_E1L_trajectory.pdf Graphic file (type pdf)
<use ../figures/fig_E1L_trajectory.pdf>
Package pdftex.def Info: ../figures/fig_E1L_trajectory.pdf  used on input line 
32.
(pdftex.def)             Requested size: 366.40834pt x 179.32173pt.
<../figures/fig_E2L_long_trajectory.pdf, id=900, 570.58704pt x 243.94011pt>
File: ../figures/fig_E2L_long_trajectory.pdf Graphic file (type pdf)
<use ../figures/fig_E2L_long_trajectory.pdf>
Package pdftex.def Info: ../figures/fig_E2L_long_trajectory.pdf  used on input 
line 44.
(pdftex.def)             Requested size: 399.29463pt x 170.71223pt.
<../figures/fig_E5L_trap_scaling.pdf, id=901, 570.58984pt x 243.79758pt>
File: ../figures/fig_E5L_trap_scaling.pdf Graphic file (type pdf)
<use ../figures/fig_E5L_trap_scaling.pdf>
Package pdftex.def Info: ../figures/fig_E5L_trap_scaling.pdf  used on input lin
e 56.
(pdftex.def)             Requested size: 399.29463pt x 170.61249pt.
[10]
<../figures/fig_E6_heatmap_NK_K10.pdf, id=908, 281.44966pt x 207.97011pt>
File: ../figures/fig_E6_heatmap_NK_K10.pdf Graphic file (type pdf)
<use ../figures/fig_E6_heatmap_NK_K10.pdf>
Package pdftex.def Info: ../figures/fig_E6_heatmap_NK_K10.pdf  used on input li
ne 69.
(pdftex.def)             Requested size: 216.09045pt x 159.6805pt.
<../figures/fig_E6_heatmap_GB1.pdf, id=909, 281.52641pt x 207.9858pt>
File: ../figures/fig_E6_heatmap_GB1.pdf Graphic file (type pdf)
<use ../figures/fig_E6_heatmap_GB1.pdf>
Package pdftex.def Info: ../figures/fig_E6_heatmap_GB1.pdf  used on input line 
74.
(pdftex.def)             Requested size: 216.09045pt x 159.64812pt.

Overfull \hbox (21.72856pt too wide) in paragraph at lines 87--99
 [][] 
 []

) (./sections/phase_b.tex
Overfull \hbox (81.78407pt too wide) in paragraph at lines 15--23
 [][] 
 []

[11 <../figures/fig_E2_dcs_vs_price.pdf>]

Package hyperref Warning: Token not allowed in a PDF string (PDFDocEncoding):
(hyperref)                removing `math shift' on input line 52.


Package hyperref Warning: Token not allowed in a PDF string (PDFDocEncoding):
(hyperref)                removing `\delta' on input line 52.


Package hyperref Warning: Token not allowed in a PDF string (PDFDocEncoding):
(hyperref)                removing `math shift' on input line 52.

[12 <../figures/fig_E3L_best_vs_K_boot.pdf> <../figures/fig_E3L_rho_traj_grid.p
df>]

! Package inputenc Error: Unicode character − (U+2212)
(inputenc)                not set up for use with LaTeX.

See the inputenc package documentation for explanation.
Type  H <return>  for immediate help.
 ...                                              
                                                  
l.59 ...:e2}); the hybrid offers a middle ground.}
                                                  
You may provide a definition with
\DeclareUnicodeCharacter 


! Package inputenc Error: Unicode character − (U+2212)
(inputenc)                not set up for use with LaTeX.

See the inputenc package documentation for explanation.
Type  H <return>  for immediate help.
 ...                                              
                                                  
l.59 ...:e2}); the hybrid offers a middle ground.}
                                                  
You may provide a definition with
\DeclareUnicodeCharacter 


Overfull \hbox (6.48567pt too wide) in paragraph at lines 77--78
\T1/cmr/m/n/10.95 We re-validated T2 (con-troller tight-tracking) with the au-t
ore-gres-sive pol-icy class on $\OML/cmm/m/it/10.95 K \OMS/cmsy/m/n/10.95 2 f\O
T1/cmr/m/n/10.95 0\OML/cmm/m/it/10.95 ; \OT1/cmr/m/n/10.95 3\OML/cmm/m/it/10.95
 ; \OT1/cmr/m/n/10.95 10\OML/cmm/m/it/10.95 ; \OT1/cmr/m/n/10.95 19\OMS/cmsy/m/
n/10.95 g$
 []

[13 <../figures/fig_E1L_trajectory.pdf> <../figures/fig_E2L_long_trajectory.pdf
>]
<../figures/fig_all_benchmarks_scatter.pdf, id=1185, 1074.2752pt x 251.66841pt>

File: ../figures/fig_all_benchmarks_scatter.pdf Graphic file (type pdf)
<use ../figures/fig_all_benchmarks_scatter.pdf>
Package pdftex.def Info: ../figures/fig_all_benchmarks_scatter.pdf  used on inp
ut line 121.
(pdftex.def)             Requested size: 469.75502pt x 110.05089pt.
) (./sections/phase_c.tex [14 <../figures/fig_E5L_trap_scaling.pdf>] [15 <../fi
gures/fig_E6_heatmap_NK_K10.pdf> <../figures/fig_E6_heatmap_GB1.pdf>]
Overfull \hbox (3.02475pt too wide) in paragraph at lines 79--80
\T1/cmr/m/n/10.95 For in-ter-pretabil-ity we ex-tracted the per-position pol-ic
y en-tropy across rounds on GB1 four-mutation.
 []

<../figures/fig_E10_perpos_entropy.pdf, id=1354, 348.3299pt x 222.25911pt>
File: ../figures/fig_E10_perpos_entropy.pdf Graphic file (type pdf)
<use ../figures/fig_E10_perpos_entropy.pdf>
Package pdftex.def Info: ../figures/fig_E10_perpos_entropy.pdf  used on input l
ine 100.
(pdftex.def)             Requested size: 281.85587pt x 179.84914pt.

Package hyperref Warning: Token not allowed in a PDF string (PDFDocEncoding):
(hyperref)                removing `math shift' on input line 131.


Package hyperref Warning: Token not allowed in a PDF string (PDFDocEncoding):
(hyperref)                removing `\delta' on input line 131.


Package hyperref Warning: Token not allowed in a PDF string (PDFDocEncoding):
(hyperref)                removing `math shift' on input line 131.

[16]) (./sections/phase_d.tex [17]

! Package inputenc Error: Unicode character ρ (U+03C1)
(inputenc)                not set up for use with LaTeX.

See the inputenc package documentation for explanation.
Type  H <return>  for immediate help.
 ...                                              
                                                  
l.50 ...losed-loop AL: aggressive σ-gating hurts}
                                                  
You may provide a definition with
\DeclareUnicodeCharacter 


! Package inputenc Error: Unicode character σ (U+03C3)
(inputenc)                not set up for use with LaTeX.

See the inputenc package documentation for explanation.
Type  H <return>  for immediate help.
 ...                                              
                                                  
l.50 ...losed-loop AL: aggressive σ-gating hurts}
                                                  
You may provide a definition with
\DeclareUnicodeCharacter 


! Package inputenc Error: Unicode character σ (U+03C3)
(inputenc)                not set up for use with LaTeX.

See the inputenc package documentation for explanation.
Type  H <return>  for immediate help.
 ...                                              
                                                  
l.57 ...remains state of the art in this setting.}
                                                  
You may provide a definition with
\DeclareUnicodeCharacter 


! Package inputenc Error: Unicode character σ (U+03C3)
(inputenc)                not set up for use with LaTeX.

See the inputenc package documentation for explanation.
Type  H <return>  for immediate help.
 ...                                              
                                                  
l.57 ...remains state of the art in this setting.}
                                                  
You may provide a definition with
\DeclareUnicodeCharacter 


! Package inputenc Error: Unicode character σ (U+03C3)
(inputenc)                not set up for use with LaTeX.

See the inputenc package documentation for explanation.
Type  H <return>  for immediate help.
 ...                                              
                                                  
l.57 ...remains state of the art in this setting.}
                                                  
You may provide a definition with
\DeclareUnicodeCharacter 


! Package inputenc Error: Unicode character σ (U+03C3)
(inputenc)                not set up for use with LaTeX.

See the inputenc package documentation for explanation.
Type  H <return>  for immediate help.
 ...                                              
                                                  
l.57 ...remains state of the art in this setting.}
                                                  
You may provide a definition with
\DeclareUnicodeCharacter 


! Package inputenc Error: Unicode character ρ (U+03C1)
(inputenc)                not set up for use with LaTeX.

See the inputenc package documentation for explanation.
Type  H <return>  for immediate help.
 ...                                              
                                                  
l.63 PRICE-RL ρ
                -gated (closed loop)              & $0.004 \pm 0.001$ \\
You may provide a definition with
\DeclareUnicodeCharacter 


! Package inputenc Error: Unicode character σ (U+03C3)
(inputenc)                not set up for use with LaTeX.

See the inputenc package documentation for explanation.
Type  H <return>  for immediate help.
 ...                                              
                                                  
l.69 ...urrogate and PRICE-RL gradient, not raw σ
                                                  ) is the natural next step...

You may provide a definition with
\DeclareUnicodeCharacter 

[18 <../figures/fig_all_benchmarks_scatter.pdf>]
<../figures/fig_synthesis_heatmap.pdf, id=1442, 736.0136pt x 417.28395pt>
File: ../figures/fig_synthesis_heatmap.pdf Graphic file (type pdf)
<use ../figures/fig_synthesis_heatmap.pdf>
Package pdftex.def Info: ../figures/fig_synthesis_heatmap.pdf  used on input li
ne 122.
(pdftex.def)             Requested size: 469.75502pt x 266.32858pt.

Overfull \hbox (110.47044pt too wide) in paragraph at lines 131--141
 [][] 
 []


! Package inputenc Error: Unicode character ρ (U+03C1)
(inputenc)                not set up for use with LaTeX.

See the inputenc package documentation for explanation.
Type  H <return>  for immediate help.
 ...                                              
                                                  
l.146 ...turally bounded.} Both metric choices (ρ
                                                   and entropy) failed; the ...

You may provide a definition with
\DeclareUnicodeCharacter 

[19]) (./sections/phase_e.tex

LaTeX Warning: Reference `app:locality' on page 20 undefined on input line 9.


Overfull \hbox (24.44278pt too wide) in paragraph at lines 9--10
\T1/cmr/m/n/10.95 We aug-ment PRICE-RL with a per-candidate Hamming-distance ke
r-nel $\OML/cmm/m/it/10.95 w[]\OT1/cmr/m/n/10.95 (\OML/cmm/m/it/10.95 x\OT1/cmr
/m/n/10.95 ; \OMS/cmsy/m/n/10.95 C\OML/cmm/m/it/10.95 ; r\OT1/cmr/m/n/10.95 ) =
 [](\OMS/cmsy/m/n/10.95 ^^@\OML/cmm/m/it/10.95 d[]\OT1/cmr/m/n/10.95 (\OML/cmm/
m/it/10.95 x; \OMS/cmsy/m/n/10.95 C\OT1/cmr/m/n/10.95 )\OML/cmm/m/it/10.95 =r\O
T1/cmr/m/n/10.95 )$\T1/cmr/m/n/10.95 ,
 []

[20 <../figures/fig_E10_perpos_entropy.pdf>]

LaTeX Warning: Reference `app:moo' on page 21 undefined on input line 28.


! Package inputenc Error: Unicode character ρ (U+03C1)
(inputenc)                not set up for use with LaTeX.

See the inputenc package documentation for explanation.
Type  H <return>  for immediate help.
 ...                                              
                                                  
l.52 ...ues appear in the experiment trace; the ρ
                                                  -as-diagnostic property is...

You may provide a definition with
\DeclareUnicodeCharacter 

[21]

LaTeX Warning: Reference `cor:thm1ar' on page 22 undefined on input line 62.


! LaTeX Error: \begin{document} ended by \end{section}.

See the LaTeX manual or LaTeX Companion for explanation.
Type  H <return>  for immediate help.
 ...                                              
                                                  
l.63 \end{section}
                  
Your command was ignored.
Type  I <command> <return>  to replace it with another command,
or  <return>  to continue without it.

! Extra \endgroup.
<recently read> \endgroup 
                          
l.63 \end{section}
                  
Things are pretty mixed up, but I think the worst is over.

) (./sections/discussion.tex [22] [23] [24]) [25 <../figures/fig_synthesis_heat
map.pdf>] (./main.bbl [26] [27] [28]) (./sections/appendix.tex
Overfull \hbox (7.52835pt too wide) detected at line 25
[]  \OML/cmm/m/it/10.95 ^^Y[]\OT1/cmr/m/n/10.95 (\OML/cmm/m/it/10.95 x\OT1/cmr/
m/n/10.95 ) (\OML/cmm/m/it/10.95 R\OT1/cmr/m/n/10.95 (\OML/cmm/m/it/10.95 x\OT1
/cmr/m/n/10.95 ) \OMS/cmsy/m/n/10.95 ^^@ \OML/cmm/m/it/10.95 b\OT1/cmr/m/n/10.9
5 ) \OMS/cmsy/m/n/10.95 r[] [] \OML/cmm/m/it/10.95 ^^Y[]\OT1/cmr/m/n/10.95 (\OM
L/cmm/m/it/10.95 x\OT1/cmr/m/n/10.95 )  =  []  \OML/cmm/m/it/10.95 ^^Y[]\OT1/cm
r/m/n/10.95 (\OML/cmm/m/it/10.95 x\OT1/cmr/m/n/10.95 ) (\OML/cmm/m/it/10.95 R\O
T1/cmr/m/n/10.95 (\OML/cmm/m/it/10.95 x\OT1/cmr/m/n/10.95 ) \OMS/cmsy/m/n/10.95
 ^^@ \OML/cmm/m/it/10.95 b\OT1/cmr/m/n/10.95 ) \OMS/cmsy/m/n/10.95 r[] [] \OML/
cmm/m/it/10.95 ^^Y[]\OT1/cmr/m/n/10.95 (\OML/cmm/m/it/10.95 x\OT1/cmr/m/n/10.95
 ) + []  \OML/cmm/m/it/10.95 ^^Y[]\OT1/cmr/m/n/10.95 (\OML/cmm/m/it/10.95 x\OT1
/cmr/m/n/10.95 ) (\OML/cmm/m/it/10.95 R\OT1/cmr/m/n/10.95 (\OML/cmm/m/it/10.95 
x\OT1/cmr/m/n/10.95 ) \OMS/cmsy/m/n/10.95 ^^@ \OML/cmm/m/it/10.95 b\OT1/cmr/m/n
/10.95 ) \OMS/cmsy/m/n/10.95 r[] [] \OML/cmm/m/it/10.95 ^^Y[]\OT1/cmr/m/n/10.95
 (\OML/cmm/m/it/10.95 x\OT1/cmr/m/n/10.95 )\OML/cmm/m/it/10.95 :
 []


LaTeX Warning: Reference `app:thm1_sthet' on page 29 undefined on input line 26
.


Package hyperref Warning: Token not allowed in a PDF string (PDFDocEncoding):
(hyperref)                removing `math shift' on input line 42.


Package hyperref Warning: Token not allowed in a PDF string (PDFDocEncoding):
(hyperref)                removing `\theta' on input line 42.


Package hyperref Warning: Token not allowed in a PDF string (PDFDocEncoding):
(hyperref)                removing `math shift' on input line 42.

[29]

Package hyperref Warning: Token not allowed in a PDF string (PDFDocEncoding):
(hyperref)                removing `math shift' on input line 47.


Package hyperref Warning: Token not allowed in a PDF string (PDFDocEncoding):
(hyperref)                removing `\rho' on input line 47.


Package hyperref Warning: Token not allowed in a PDF string (PDFDocEncoding):
(hyperref)                removing `subscript' on input line 47.


Package hyperref Warning: Token not allowed in a PDF string (PDFDocEncoding):
(hyperref)                removing `math shift' on input line 47.


LaTeX Warning: `h' float specifier changed to `ht'.

[30])
Package atveryend Info: Empty hook `BeforeClearDocument' on input line 51.
 [31]
Package atveryend Info: Empty hook `AfterLastShipout' on input line 51.
 (./main.aux)
Package atveryend Info: Executing hook `AtVeryEndDocument' on input line 51.
Package atveryend Info: Executing hook `AtEndAfterFileList' on input line 51.


Package rerunfilecheck Warning: File `main.out' has changed.
(rerunfilecheck)                Rerun to get outlines right
(rerunfilecheck)                or use package `bookmark'.

Package rerunfilecheck Info: Checksums for `main.out':
(rerunfilecheck)             Before: 364A1958C2C4CDCABE6A1B76A2871277;4995
(rerunfilecheck)             After:  49ADBB22D6C660DE9BDA850AAC2475F3;5819.

LaTeX Warning: There were undefined references.


LaTeX Warning: Label(s) may have changed. Rerun to get cross-references right.

Package atveryend Info: Empty hook `AtVeryVeryEnd' on input line 51.
 ) 
Here is how much of TeX's memory you used:
 9687 strings out of 483183
 145476 string characters out of 5966292
 432417 words of memory out of 5000000
 24268 multiletter control sequences out of 15000+600000
 554248 words of font info for 81 fonts, out of 8000000 for 9000
 14 hyphenation exceptions out of 8191
 48i,15n,63p,3512b,515s stack positions out of 5000i,500n,10000p,200000b,80000s
pdfTeX warning (dest): name{subsection.10.7} has been referenced but does not
 exist, replaced by a fixed one

pdfTeX warning (dest): name{subsection.10.6} has been referenced but does not e
xist, replaced by a fixed one

{/usr/share/texmf/fonts/enc/dvips/cm-super/cm-super-ts1.enc}{/usr/share/texmf/f
onts/enc/dvips/cm-super/cm-super-t1.enc}</usr/share/texlive/texmf-dist/fonts/ty
pe1/public/amsfonts/cm/cmbx10.pfb></usr/share/texlive/texmf-dist/fonts/type1/pu
blic/amsfonts/cm/cmex10.pfb></usr/share/texlive/texmf-dist/fonts/type1/public/a
msfonts/cm/cmmi10.pfb></usr/share/texlive/texmf-dist/fonts/type1/public/amsfont
s/cm/cmmi12.pfb></usr/share/texlive/texmf-dist/fonts/type1/public/amsfonts/cm/c
mmi6.pfb></usr/share/texlive/texmf-dist/fonts/type1/public/amsfonts/cm/cmmi7.pf
b></usr/share/texlive/texmf-dist/fonts/type1/public/amsfonts/cm/cmmi8.pfb></usr
/share/texlive/texmf-dist/fonts/type1/public/amsfonts/cm/cmr10.pfb></usr/share/
texlive/texmf-dist/fonts/type1/public/amsfonts/cm/cmr12.pfb></usr/share/texlive
/texmf-dist/fonts/type1/public/amsfonts/cm/cmr6.pfb></usr/share/texlive/texmf-d
ist/fonts/type1/public/amsfonts/cm/cmr7.pfb></usr/share/texlive/texmf-dist/font
s/type1/public/amsfonts/cm/cmr8.pfb></usr/share/texlive/texmf-dist/fonts/type1/
public/amsfonts/cm/cmsy10.pfb></usr/share/texlive/texmf-dist/fonts/type1/public
/amsfonts/cm/cmsy6.pfb></usr/share/texlive/texmf-dist/fonts/type1/public/amsfon
ts/cm/cmsy7.pfb></usr/share/texlive/texmf-dist/fonts/type1/public/amsfonts/cm/c
msy8.pfb></usr/share/texlive/texmf-dist/fonts/type1/public/amsfonts/symbols/msa
m10.pfb></usr/share/texlive/texmf-dist/fonts/type1/public/amsfonts/symbols/msbm
10.pfb></usr/share/texmf/fonts/type1/public/cm-super/sfbi1200.pfb></usr/share/t
exmf/fonts/type1/public/cm-super/sfbx1000.pfb></usr/share/texmf/fonts/type1/pub
lic/cm-super/sfbx1095.pfb></usr/share/texmf/fonts/type1/public/cm-super/sfbx120
0.pfb></usr/share/texmf/fonts/type1/public/cm-super/sfbx1440.pfb></usr/share/te
xmf/fonts/type1/public/cm-super/sfrm1000.pfb></usr/share/texmf/fonts/type1/publ
ic/cm-super/sfrm1095.pfb></usr/share/texmf/fonts/type1/public/cm-super/sfrm1200
.pfb></usr/share/texmf/fonts/type1/public/cm-super/sfrm1728.pfb></usr/share/tex
mf/fonts/type1/public/cm-super/sfti1000.pfb></usr/share/texmf/fonts/type1/publi
c/cm-super/sfti1095.pfb></usr/share/texmf/fonts/type1/public/cm-super/sftt1095.
pfb></usr/share/texmf/fonts/type1/public/cm-super/sftt1200.pfb>
Output written on main.pdf (31 pages, 907404 bytes).
PDF statistics:
 1818 PDF objects out of 2073 (max. 8388607)
 899 compressed objects within 9 object streams
 210 named destinations out of 1000 (max. 500000)
 587 words of extra memory for PDF output out of 10000 (max. 10000000)

