\BOOKMARK [1][-]{section.1}{\376\377\000I\000n\000t\000r\000o\000d\000u\000c\000t\000i\000o\000n}{}% 1
\BOOKMARK [1][-]{section.2}{\376\377\000R\000e\000l\000a\000t\000e\000d\000\040\000W\000o\000r\000k}{}% 2
\BOOKMARK [1][-]{section.3}{\376\377\000M\000e\000t\000h\000o\000d}{}% 3
\BOOKMARK [1][-]{section.4}{\376\377\000E\000x\000p\000e\000r\000i\000m\000e\000n\000t\000a\000l\000\040\000s\000e\000t\000u\000p}{}% 4
\BOOKMARK [1][-]{section.5}{\376\377\000R\000e\000s\000u\000l\000t\000s}{}% 5
\BOOKMARK [1][-]{section.6}{\376\377\000S\000c\000a\000l\000i\000n\000g\000\040\000a\000n\000d\000\040\000e\000x\000t\000e\000n\000s\000i\000o\000n\000s}{}% 6
\BOOKMARK [1][-]{section.7}{\376\377\000D\000i\000s\000c\000u\000s\000s\000i\000o\000n}{}% 7
\BOOKMARK [1][-]{appendix.A}{\376\377\000F\000o\000r\000m\000a\000l\000\040\000p\000r\000o\000o\000f\000\040\000o\000f\000\040\000T\000h\000e\000o\000r\000e\000m\000\040\0001}{}% 8
\BOOKMARK [2][-]{subsection.A.1}{\376\377\000T\000r\000e\000a\000t\000m\000e\000n\000t\000\040\000o\000f\000\040\000-\000d\000e\000p\000e\000n\000d\000e\000n\000t\000\040\000s\000u\000p\000p\000o\000r\000t\000s}{appendix.A}% 9
\BOOKMARK [2][-]{subsection.A.2}{\376\377\000W\000h\000y\000\040\000t\000h\000e\000\040\000t\000\040\000i\000d\000e\000n\000t\000i\000t\000y\000\040\000i\000s\000\040\000e\000x\000a\000c\000t\000\040\000i\000n\000\040\000t\000h\000e\000\040\000M\000o\000n\000t\000e\000-\000C\000a\000r\000l\000o\000\040\000e\000s\000t\000i\000m\000a\000t\000o\000r}{appendix.A}% 10
\BOOKMARK [1][-]{appendix.B}{\376\377\000A\000l\000g\000o\000r\000i\000t\000h\000m\000i\000c\000\040\000s\000p\000e\000c\000i\000f\000i\000c\000a\000t\000i\000o\000n\000\040\000o\000f\000\040\000l\000o\000c\000a\000l\000i\000t\000y\000-\000a\000w\000a\000r\000e\000\040\000P\000R\000I\000C\000E\000-\000R\000L}{}% 11
\BOOKMARK [1][-]{appendix.C}{\376\377\000M\000u\000l\000t\000i\000-\000o\000b\000j\000e\000c\000t\000i\000v\000e\000\040\000P\000r\000i\000c\000e\000\040\000d\000e\000c\000o\000m\000p\000o\000s\000i\000t\000i\000o\000n}{}% 12
\BOOKMARK [1][-]{appendix.D}{\376\377\000H\000y\000p\000e\000r\000p\000a\000r\000a\000m\000e\000t\000e\000r\000s}{}% 13
\BOOKMARK [1][-]{appendix.E}{\376\377\000R\000e\000p\000r\000o\000d\000u\000c\000i\000b\000i\000l\000i\000t\000y}{}% 14
\BOOKMARK [1][-]{appendix.F}{\376\377\000T\000h\000r\000e\000s\000h\000o\000l\000d\000\040\000p\000a\000s\000s\000-\000r\000a\000t\000e\000\040\000a\000u\000d\000i\000t}{}% 15
\BOOKMARK [1][-]{appendix.G}{\376\377\000P\000h\000a\000s\000e\000-\000B\000\040\000e\000x\000t\000e\000n\000s\000i\000o\000n\000s\000:\000\040\000e\000x\000t\000e\000n\000d\000e\000d\000\040\000s\000c\000a\000l\000e\000\040\000a\000n\000d\000\040\000a\000\040\000f\000a\000i\000t\000h\000f\000u\000l\000\040\000G\000F\000l\000o\000w\000N\000e\000t\000\040\000b\000a\000s\000e\000l\000i\000n\000e}{}% 16
\BOOKMARK [2][-]{subsection.G.1}{\376\377\000W\000i\000l\000d\000t\000y\000p\000e\000-\000a\000w\000a\000r\000e\000\040\000i\000n\000i\000t\000i\000a\000l\000i\000s\000a\000t\000i\000o\000n\000\040\000c\000l\000o\000s\000e\000s\000\040\000t\000h\000e\000\040\000l\000o\000n\000g\000-\000s\000e\000q\000u\000e\000n\000c\000e\000\040\000D\000M\000S\000\040\000g\000a\000p}{appendix.G}% 17
\BOOKMARK [2][-]{subsection.G.2}{\376\377\000M\000e\000g\000a\000-\000b\000u\000d\000g\000e\000t\000\040\000G\000B\0001\000:\000\040\000P\000R\000I\000C\000E\000-\000R\000L\000\040\000b\000e\000a\000t\000s\000\040\000A\000d\000a\000L\000e\000a\000d\000\040\000w\000i\000t\000h\000\040\000n\000o\000n\000-\000o\000v\000e\000r\000l\000a\000p\000p\000i\000n\000g\000\040\000C\000I\000s}{appendix.G}% 18
\BOOKMARK [2][-]{subsection.G.3}{\376\377\000C\000o\000m\000b\000i\000n\000e\000d\000\040\000P\000R\000I\000C\000E\000-\000R\000L\000\040\000+\000\040\000-\000C\000S}{appendix.G}% 19
\BOOKMARK [2][-]{subsection.G.4}{\376\377\000A\000u\000t\000o\000r\000e\000g\000r\000e\000s\000s\000i\000v\000e\000\040\000p\000o\000l\000i\000c\000y\000\040\000r\000e\000t\000e\000s\000t\000\040\000o\000f\000\040\000T\0002}{appendix.G}% 20
\BOOKMARK [2][-]{subsection.G.5}{\376\377\000S\000t\000a\000t\000i\000s\000t\000i\000c\000a\000l\000\040\000s\000i\000g\000n\000i\000f\000i\000c\000a\000n\000c\000e\000\040\000a\000c\000r\000o\000s\000s\000\040\000a\000l\000l\000\040\000b\000e\000n\000c\000h\000m\000a\000r\000k\000s}{appendix.G}% 21
\BOOKMARK [1][-]{appendix.H}{\376\377\000P\000h\000a\000s\000e\000-\000C\000\040\000e\000x\000t\000e\000n\000s\000i\000o\000n\000s\000:\000\040\000T\0002\000\040\000c\000l\000o\000s\000u\000r\000e\000\040\000a\000t\000t\000e\000m\000p\000t\000s\000,\000\040\000G\000P\000U\000\040\000o\000r\000a\000c\000l\000e\000,\000\040\000a\000n\000d\000\040\000s\000u\000r\000r\000o\000g\000a\000t\000e\000-\000a\000w\000a\000r\000e\000\040\000A\000L}{}% 22
\BOOKMARK [2][-]{subsection.H.1}{\376\377\000T\0002\000\040\000c\000l\000o\000s\000u\000r\000e\000\040\000a\000t\000t\000e\000m\000p\000t\000:\000\040\000e\000n\000t\000r\000o\000p\000y\000\040\000i\000n\000j\000e\000c\000t\000i\000o\000n\000\040\000d\000o\000e\000s\000\040\000n\000o\000t\000\040\000c\000l\000o\000s\000e\000\040\000T\0002}{appendix.H}% 23
\BOOKMARK [2][-]{subsection.H.2}{\376\377\000A\000A\000V\000\040\000m\000u\000l\000t\000i\000-\000D\000M\000S\000\040\000f\000i\000n\000i\000s\000h\000e\000d\000\040\000w\000i\000t\000h\000\040\000G\000P\000U\000-\000a\000c\000c\000e\000l\000e\000r\000a\000t\000e\000d\000\040\000o\000r\000a\000c\000l\000e}{appendix.H}% 24
\BOOKMARK [2][-]{subsection.H.3}{\376\377\000C\000l\000o\000s\000e\000d\000-\000l\000o\000o\000p\000\040\000A\000L\000\040\000w\000i\000t\000h\000\040\000r\000e\000t\000r\000a\000i\000n\000e\000d\000\040\000s\000u\000r\000r\000o\000g\000a\000t\000e\000:\000\040\000A\000d\000a\000L\000e\000a\000d\000\040\000w\000i\000n\000s}{appendix.H}% 25
\BOOKMARK [2][-]{subsection.H.4}{\376\377\000P\000e\000r\000-\000p\000o\000s\000i\000t\000i\000o\000n\000\040\000s\000e\000l\000e\000c\000t\000i\000o\000n\040\023\000t\000r\000a\000n\000s\000m\000i\000s\000s\000i\000o\000n\000\040\000d\000i\000a\000g\000n\000o\000s\000t\000i\000c}{appendix.H}% 26
\BOOKMARK [2][-]{subsection.H.5}{\376\377\000W\000a\000l\000l\000c\000l\000o\000c\000k\000\040\000t\000h\000r\000o\000u\000g\000h\000p\000u\000t\000\040\000b\000e\000n\000c\000h\000m\000a\000r\000k}{appendix.H}% 27
\BOOKMARK [2][-]{subsection.H.6}{\376\377\000P\000R\000I\000C\000E\000+\000-\000C\000S\000\040\000h\000y\000b\000r\000i\000d\000\040\000o\000n\000\040\000G\000B\0001\000:\000\040\000c\000o\000m\000p\000l\000e\000m\000e\000n\000t\000a\000r\000i\000t\000y\000\040\000i\000s\000\040\000r\000e\000w\000a\000r\000d\000-\000h\000a\000c\000k\000i\000n\000g\000-\000s\000p\000e\000c\000i\000f\000i\000c}{appendix.H}% 28
\BOOKMARK [1][-]{appendix.I}{\376\377\000P\000h\000a\000s\000e\000-\000D\000\040\000e\000x\000t\000e\000n\000s\000i\000o\000n\000s\000:\000\040\000E\000S\000M\000-\000s\000t\000y\000l\000e\000\040\000h\000e\000a\000d\000s\000,\000\040\000d\000i\000v\000e\000r\000s\000i\000t\000y\000,\000\040\000a\000n\000d\000\040\000c\000r\000o\000s\000s\000-\000m\000e\000t\000h\000o\000d\000\040\000s\000y\000n\000t\000h\000e\000s\000i\000s}{}% 29
\BOOKMARK [2][-]{subsection.I.1}{\376\377\000T\0002\000\040\000r\000e\000d\000e\000s\000i\000g\000n\000e\000d\000\040\000v\000i\000a\000\040\000e\000n\000t\000r\000o\000p\000y\000\040\000t\000a\000r\000g\000e\000t\000:\000\040\000s\000t\000i\000l\000l\000\040\000d\000o\000e\000s\000\040\000n\000o\000t\000\040\000c\000l\000o\000s\000e}{appendix.I}% 30
\BOOKMARK [2][-]{subsection.I.2}{\376\377\000E\000S\000M\000-\0002\000-\000c\000o\000n\000d\000i\000t\000i\000o\000n\000e\000d\000\040\000P\000R\000I\000C\000E\000-\000R\000L\000\040\000o\000n\000\040\000T\000E\000M\000-\0001}{appendix.I}% 31
\BOOKMARK [2][-]{subsection.I.3}{\376\377\000-\000g\000a\000t\000e\000d\000\040\000c\000l\000o\000s\000e\000d\000-\000l\000o\000o\000p\000\040\000A\000L\000:\000\040\000a\000g\000g\000r\000e\000s\000s\000i\000v\000e\000\040\000-\000g\000a\000t\000i\000n\000g\000\040\000h\000u\000r\000t\000s}{appendix.I}% 32
\BOOKMARK [2][-]{subsection.I.4}{\376\377\000M\000e\000g\000a\000-\000b\000u\000d\000g\000e\000t\000\040\000m\000u\000l\000t\000i\000-\000D\000M\000S\000:\000\040\000l\000o\000n\000g\000-\000s\000e\000q\000u\000e\000n\000c\000e\000\040\000D\000M\000S\000\040\000c\000o\000n\000t\000i\000n\000u\000e\000s\000\040\000t\000o\000\040\000f\000a\000v\000o\000u\000r\000\040\000A\000d\000a\000L\000e\000a\000d}{appendix.I}% 33
\BOOKMARK [2][-]{subsection.I.5}{\376\377\000D\000i\000v\000e\000r\000s\000i\000t\000y\000\040\000m\000e\000t\000r\000i\000c\000:\000\040\000P\000R\000I\000C\000E\000-\000R\000L\000\040\000f\000i\000n\000d\000s\000\040\0002\000.\0005\000\040\000m\000o\000r\000e\000\040\000u\000n\000i\000q\000u\000e\000\040\000t\000o\000p\000-\0001\000\045\000\040\000v\000a\000r\000i\000a\000n\000t\000s\000\040\000t\000h\000a\000n\000\040\000A\000d\000a\000L\000e\000a\000d}{appendix.I}% 34
\BOOKMARK [2][-]{subsection.I.6}{\376\377\000C\000r\000o\000s\000s\000-\000m\000e\000t\000h\000o\000d\000\040\000s\000y\000n\000t\000h\000e\000s\000i\000s\000:\000\040\000w\000h\000e\000r\000e\000\040\000P\000R\000I\000C\000E\000-\000R\000L\000\040\000w\000i\000n\000s\000,\000\040\000t\000i\000e\000s\000,\000\040\000a\000n\000d\000\040\000l\000o\000s\000e\000s}{appendix.I}% 35
\BOOKMARK [2][-]{subsection.I.7}{\376\377\000W\000h\000a\000t\000\040\000P\000h\000a\000s\000e\000-\000D\000\040\000t\000a\000u\000g\000h\000t\000\040\000u\000s}{appendix.I}% 36
\BOOKMARK [1][-]{appendix.J}{\376\377\000P\000h\000a\000s\000e\000-\000E\000\040\000e\000x\000t\000e\000n\000s\000i\000o\000n\000s\000:\000\040\000l\000o\000c\000a\000l\000i\000t\000y\000,\000\040\000m\000u\000l\000t\000i\000-\000o\000b\000j\000e\000c\000t\000i\000v\000e\000,\000\040\000t\000o\000k\000e\000n\000-\000l\000e\000v\000e\000l\000\040\000R\000L\000H\000F\000,\000\040\000a\000n\000d\000\040\000c\000o\000r\000r\000u\000p\000t\000i\000o\000n}{}% 37
\BOOKMARK [2][-]{subsection.J.1}{\376\377\000L\000o\000c\000a\000l\000i\000t\000y\000-\000a\000w\000a\000r\000e\000\040\000P\000R\000I\000C\000E\000-\000R\000L}{appendix.J}% 38
\BOOKMARK [2][-]{subsection.J.2}{\376\377\000M\000u\000l\000t\000i\000-\000o\000b\000j\000e\000c\000t\000i\000v\000e\000\040\000P\000R\000I\000C\000E\000-\000R\000L}{appendix.J}% 39
\BOOKMARK [2][-]{subsection.J.3}{\376\377\000P\000R\000I\000C\000E\000-\000R\000L\000\040\000d\000i\000a\000g\000n\000o\000s\000t\000i\000c\000\040\000o\000n\000\040\000t\000o\000k\000e\000n\000-\000l\000e\000v\000e\000l\000\040\000R\000L\000H\000F}{appendix.J}% 40
\BOOKMARK [2][-]{subsection.J.4}{\376\377\000S\000u\000r\000r\000o\000g\000a\000t\000e\000\040\000c\000o\000r\000r\000u\000p\000t\000i\000o\000n\000\040\000r\000o\000b\000u\000s\000t\000n\000e\000s\000s}{appendix.J}% 41
\BOOKMARK [2][-]{subsection.J.5}{\376\377\000F\000o\000r\000m\000a\000l\000\040\000T\000h\000e\000o\000r\000e\000m\000\040\0001\000\040\000p\000r\000o\000o\000f}{appendix.J}% 42
